<?xml version="1.0" encoding="UTF-8"?>
<!-- Generated by org.testng.reporters.JUnitXMLReporter -->
<testsuite hostname="DESKTOP-DLV19B6" ignored="0" name="Default test" tests="6" failures="0" timestamp="21 Feb 2019 14:09:52 GMT" time="6.358" errors="0">
  <testcase name="getAllsPostsTest" time="2.244" classname="com.makingsense.test.APISuiteTest"/>
  <testcase name="getOnePostTest" time="1.56" classname="com.makingsense.test.APISuiteTest"/>
  <testcase name="verifyAllPostsAPIBodyTest" time="0.465" classname="com.makingsense.test.APISuiteTest"/>
  <testcase name="verifyEmailForACommentTest" time="0.647" classname="com.makingsense.test.APISuiteTest"/>
  <testcase name="verifyPostsAPIStatusCodeTest" time="0.481" classname="com.makingsense.test.APISuiteTest"/>
  <testcase name="verifySpecificPostIsPresentTest" time="0.495" classname="com.makingsense.test.APISuiteTest"/>
</testsuite> <!-- Default test -->
